<?xml version="1.0" encoding="UTF-8"?>
<testsuite xmlns:xsi="http://www.w3.org/2001/XMLSchema-instance" xsi:noNamespaceSchemaLocation="https://maven.apache.org/surefire/maven-surefire-plugin/xsd/surefire-test-report-3.0.xsd" version="3.0" name="com.shortlinks.service.ShortLinkServiceTest" time="0.202" tests="5" errors="0" skipped="0" failures="0">
  <properties>
[...]
</properties>
  <testcase name="cleanupRemovesExpiredLinks" classname="com.shortlinks.service.ShortLinkServiceTest" time="0.169"/>
  <testcase name="updateShouldChangeLimitAndRefreshTtl" classname="com.shortlinks.service.ShortLinkServiceTest" time="0.005"/>
  <testcase name="visitShouldExpireLink" classname="com.shortlinks.service.ShortLinkServiceTest" time="0.004"/>
  <testcase name="shouldCreateUniqueCodesForDifferentUsers" classname="com.shortlinks.service.ShortLinkServiceTest" time="0.005"/>
  <testcase name="shouldBlockWhenLimitReached" classname="com.shortlinks.service.ShortLinkServiceTest" time="0.004"/>
</testsuite>